This file contains any messages produced by compilers while
running configure, to aid debugging if configure makes a mistake.

It was created by cctools configure 839, which was
generated by GNU Autoconf 2.69.  Invocation command line was

  $ ./configure --target=arm-apple-darwin11 --prefix=/usr

## --------- ##
## Platform. ##
## --------- ##

hostname = wnk-main
uname -m = x86_64
uname -r = 3.11.0-17-generic
uname -s = Linux
uname -v = #31-Ubuntu SMP Mon Feb 3 21:52:43 UTC 2014

/usr/bin/uname -p = unknown
/bin/uname -X     = unknown

/bin/arch              = unknown
/usr/bin/arch -k       = unknown
/usr/convex/getsysinfo = unknown
/usr/bin/hostinfo      = unknown
/bin/machine           = unknown
/usr/bin/oslevel       = unknown
/bin/universe          = unknown

PATH: /usr/lib/lightdm/lightdm
PATH: /usr/local/sbin
PATH: /usr/local/bin
PATH: /usr/sbin
PATH: /usr/bin
PATH: /sbin
PATH: /bin
PATH: /usr/games
PATH: /usr/local/games


## ----------- ##
## Core tests. ##
## ----------- ##

configure:2459: checking build system type
configure:2473: result: x86_64-unknown-linux-gnu
configure:2493: checking host system type
configure:2506: result: x86_64-unknown-linux-gnu
configure:2526: checking target system type
configure:2539: result: arm-apple-darwin11
configure:2598: checking for a BSD-compatible install
configure:2666: result: /usr/bin/install -c
configure:2677: checking whether build environment is sane
configure:2732: result: yes
configure:2873: checking for a thread-safe mkdir -p
configure:2912: result: /bin/mkdir -p
configure:2919: checking for gawk
configure:2949: result: no
configure:2919: checking for mawk
configure:2935: found /usr/bin/mawk
configure:2946: result: mawk
configure:2957: checking whether make sets $(MAKE)
configure:2979: result: yes
configure:3008: checking whether make supports nested variables
configure:3025: result: yes
configure:3105: checking whether UID '1000' is supported by ustar format
configure:3108: result: yes
configure:3115: checking whether GID '1000' is supported by ustar format
configure:3118: result: yes
configure:3126: checking how to create a ustar tar archive
configure:3137: tar --version
tar (GNU tar) 1.26
Copyright (C) 2011 Free Software Foundation, Inc.
License GPLv3+: GNU GPL version 3 or later <http://gnu.org/licenses/gpl.html>.
This is free software: you are free to change and redistribute it.
There is NO WARRANTY, to the extent permitted by law.

Written by John Gilmore and Jay Fenlason.
configure:3140: $? = 0
configure:3180: tardir=conftest.dir && eval tar --format=ustar -chf - "$tardir" >conftest.tar
configure:3183: $? = 0
configure:3187: tar -xf - <conftest.tar
configure:3190: $? = 0
configure:3192: cat conftest.dir/file
GrepMe
configure:3195: $? = 0
configure:3208: result: gnutar
configure:3219: checking whether to enable maintainer-specific portions of Makefiles
configure:3228: result: no
configure:3293: checking how to print strings
configure:3320: result: printf
configure:3353: checking for style of include used by make
configure:3381: result: GNU
configure:3452: checking for gcc
configure:3479: result: clang
configure:3708: checking for C compiler version
configure:3717: clang --version >&5
Debian clang version 3.2-7ubuntu1 (tags/RELEASE_32/final) (based on LLVM 3.2)
Target: x86_64-pc-linux-gnu
Thread model: posix
configure:3728: $? = 0
configure:3717: clang -v >&5
Debian clang version 3.2-7ubuntu1 (tags/RELEASE_32/final) (based on LLVM 3.2)
Target: x86_64-pc-linux-gnu
Thread model: posix
configure:3728: $? = 0
configure:3717: clang -V >&5
clang: error: argument to '-V' is missing (expected 1 value)
clang: error: no input files
configure:3728: $? = 1
configure:3717: clang -qversion >&5
clang: error: no input files
configure:3728: $? = 1
configure:3748: checking whether the C compiler works
configure:3770: clang -I/usr/include/llvm-c-3.2   conftest.c  >&5
configure:3774: $? = 0
configure:3822: result: yes
configure:3825: checking for C compiler default output file name
configure:3827: result: a.out
configure:3833: checking for suffix of executables
configure:3840: clang -o conftest -I/usr/include/llvm-c-3.2   conftest.c  >&5
configure:3844: $? = 0
configure:3866: result: 
configure:3888: checking whether we are cross compiling
configure:3896: clang -o conftest -I/usr/include/llvm-c-3.2   conftest.c  >&5
configure:3900: $? = 0
configure:3907: ./conftest
configure:3911: $? = 0
configure:3926: result: no
configure:3931: checking for suffix of object files
configure:3953: clang -c -I/usr/include/llvm-c-3.2  conftest.c >&5
configure:3957: $? = 0
configure:3978: result: o
configure:3982: checking whether we are using the GNU C compiler
configure:4001: clang -c -I/usr/include/llvm-c-3.2  conftest.c >&5
configure:4001: $? = 0
configure:4010: result: yes
configure:4019: checking whether clang accepts -g
configure:4039: clang -c -g  conftest.c >&5
configure:4039: $? = 0
configure:4080: result: yes
configure:4097: checking for clang option to accept ISO C89
configure:4160: clang  -c -I/usr/include/llvm-c-3.2  conftest.c >&5
configure:4160: $? = 0
configure:4173: result: none needed
configure:4195: checking dependency style of clang
configure:4306: result: gcc3
configure:4321: checking for a sed that does not truncate output
configure:4385: result: /bin/sed
configure:4403: checking for grep that handles long lines and -e
configure:4461: result: /bin/grep
configure:4466: checking for egrep
configure:4528: result: /bin/grep -E
configure:4533: checking for fgrep
configure:4595: result: /bin/grep -F
configure:4630: checking for ld used by clang
configure:4697: result: /usr/bin/ld
configure:4704: checking if the linker (/usr/bin/ld) is GNU ld
configure:4719: result: yes
configure:4731: checking for BSD- or MS-compatible name lister (nm)
configure:4780: result: /usr/bin/nm -B
configure:4910: checking the name lister (/usr/bin/nm -B) interface
configure:4917: clang -c -I/usr/include/llvm-c-3.2  conftest.c >&5
configure:4920: /usr/bin/nm -B "conftest.o"
configure:4923: output
0000000000000000 B some_variable
configure:4930: result: BSD nm
configure:4933: checking whether ln -s works
configure:4937: result: yes
configure:4945: checking the maximum length of command line arguments
configure:5076: result: 3458764513820540925
configure:5093: checking whether the shell understands some XSI constructs
configure:5103: result: yes
configure:5107: checking whether the shell understands "+="
configure:5113: result: yes
configure:5148: checking how to convert x86_64-unknown-linux-gnu file names to x86_64-unknown-linux-gnu format
configure:5188: result: func_convert_file_noop
configure:5195: checking how to convert x86_64-unknown-linux-gnu file names to toolchain format
configure:5215: result: func_convert_file_noop
configure:5222: checking for /usr/bin/ld option to reload object files
configure:5229: result: -r
configure:5303: checking for objdump
configure:5319: found /usr/bin/objdump
configure:5330: result: objdump
configure:5362: checking how to recognize dependent libraries
configure:5560: result: pass_all
configure:5645: checking for dlltool
configure:5675: result: no
configure:5705: checking how to associate runtime and link libraries
configure:5732: result: printf %s\n
configure:5793: checking for ar
configure:5809: found /usr/bin/ar
configure:5820: result: ar
configure:5857: checking for archiver @FILE support
configure:5874: clang -c -I/usr/include/llvm-c-3.2  conftest.c >&5
configure:5874: $? = 0
configure:5877: ar cru libconftest.a @conftest.lst >&5
configure:5880: $? = 0
configure:5885: ar cru libconftest.a @conftest.lst >&5
ar: conftest.o: No such file or directory
configure:5888: $? = 1
configure:5900: result: @
configure:5958: checking for strip
configure:5974: found /usr/bin/strip
configure:5985: result: strip
configure:6057: checking for ranlib
configure:6073: found /usr/bin/ranlib
configure:6084: result: ranlib
configure:6186: checking command to parse /usr/bin/nm -B output from clang object
configure:6306: clang -c -I/usr/include/llvm-c-3.2  conftest.c >&5
configure:6309: $? = 0
configure:6313: /usr/bin/nm -B conftest.o \| sed -n -e 's/^.*[ ]\([ABCDGIRSTW][ABCDGIRSTW]*\)[ ][ ]*\([_A-Za-z][_A-Za-z0-9]*\)$/\1 \2 \2/p' | sed '/ __gnu_lto/d' \> conftest.nm
configure:6316: $? = 0
configure:6382: clang -o conftest -I/usr/include/llvm-c-3.2   conftest.c conftstm.o >&5
configure:6385: $? = 0
configure:6423: result: ok
configure:6460: checking for sysroot
configure:6490: result: no
configure:6567: clang -c -I/usr/include/llvm-c-3.2  conftest.c >&5
configure:6570: $? = 0
configure:6753: checking for mt
configure:6769: found /bin/mt
configure:6780: result: mt
configure:6803: checking if mt is a manifest tool
configure:6809: mt '-?'
configure:6817: result: no
configure:7459: checking how to run the C preprocessor
configure:7529: result: clang -E
configure:7549: clang -E  conftest.c
configure:7549: $? = 0
configure:7563: clang -E  conftest.c
conftest.c:9:10: fatal error: 'ac_nonexistent.h' file not found
#include <ac_nonexistent.h>
         ^
1 error generated.
configure:7563: $? = 1
configure: failed program was:
| /* confdefs.h */
| #define PACKAGE_NAME "cctools"
| #define PACKAGE_TARNAME "cctools"
| #define PACKAGE_VERSION "839"
| #define PACKAGE_STRING "cctools 839"
| #define PACKAGE_BUGREPORT "cjacker@gmail.com"
| #define PACKAGE_URL ""
| /* end confdefs.h.  */
| #include <ac_nonexistent.h>
configure:7592: checking for ANSI C header files
configure:7612: clang -c -I/usr/include/llvm-c-3.2  conftest.c >&5
configure:7612: $? = 0
configure:7685: clang -o conftest -I/usr/include/llvm-c-3.2   conftest.c  >&5
configure:7685: $? = 0
configure:7685: ./conftest
configure:7685: $? = 0
configure:7696: result: yes
configure:7709: checking for sys/types.h
configure:7709: clang -c -I/usr/include/llvm-c-3.2  conftest.c >&5
configure:7709: $? = 0
configure:7709: result: yes
configure:7709: checking for sys/stat.h
configure:7709: clang -c -I/usr/include/llvm-c-3.2  conftest.c >&5
configure:7709: $? = 0
configure:7709: result: yes
configure:7709: checking for stdlib.h
configure:7709: clang -c -I/usr/include/llvm-c-3.2  conftest.c >&5
configure:7709: $? = 0
configure:7709: result: yes
configure:7709: checking for string.h
configure:7709: clang -c -I/usr/include/llvm-c-3.2  conftest.c >&5
configure:7709: $? = 0
configure:7709: result: yes
configure:7709: checking for memory.h
configure:7709: clang -c -I/usr/include/llvm-c-3.2  conftest.c >&5
configure:7709: $? = 0
configure:7709: result: yes
configure:7709: checking for strings.h
configure:7709: clang -c -I/usr/include/llvm-c-3.2  conftest.c >&5
configure:7709: $? = 0
configure:7709: result: yes
configure:7709: checking for inttypes.h
configure:7709: clang -c -I/usr/include/llvm-c-3.2  conftest.c >&5
configure:7709: $? = 0
configure:7709: result: yes
configure:7709: checking for stdint.h
configure:7709: clang -c -I/usr/include/llvm-c-3.2  conftest.c >&5
configure:7709: $? = 0
configure:7709: result: yes
configure:7709: checking for unistd.h
configure:7709: clang -c -I/usr/include/llvm-c-3.2  conftest.c >&5
configure:7709: $? = 0
configure:7709: result: yes
configure:7723: checking for dlfcn.h
configure:7723: clang -c -I/usr/include/llvm-c-3.2  conftest.c >&5
configure:7723: $? = 0
configure:7723: result: yes
configure:7928: checking for objdir
configure:7943: result: .libs
configure:8214: checking if clang supports -fno-rtti -fno-exceptions
configure:8232: clang -c -I/usr/include/llvm-c-3.2  -fno-rtti -fno-exceptions conftest.c >&5
configure:8236: $? = 0
configure:8249: result: yes
configure:8576: checking for clang option to produce PIC
configure:8583: result: -fPIC -DPIC
configure:8591: checking if clang PIC flag -fPIC -DPIC works
configure:8609: clang -c -I/usr/include/llvm-c-3.2  -fPIC -DPIC -DPIC conftest.c >&5
configure:8613: $? = 0
configure:8626: result: yes
configure:8655: checking if clang static flag -static works
configure:8683: result: yes
configure:8698: checking if clang supports -c -o file.o
configure:8719: clang -c -I/usr/include/llvm-c-3.2  -o out/conftest2.o conftest.c >&5
configure:8723: $? = 0
configure:8745: result: yes
configure:8753: checking if clang supports -c -o file.o
configure:8800: result: yes
configure:8833: checking whether the clang linker (/usr/bin/ld -m elf_x86_64) supports shared libraries
configure:9990: result: yes
configure:10027: checking whether -lc should be explicitly linked in
configure:10035: clang -c -I/usr/include/llvm-c-3.2  conftest.c >&5
configure:10038: $? = 0
configure:10053: clang -shared  -fPIC -DPIC conftest.o  -v -Wl,-soname -Wl,conftest -o conftest 2\>\&1 \| /bin/grep  -lc  \>/dev/null 2\>\&1
configure:10056: $? = 0
configure:10070: result: no
configure:10230: checking dynamic linker characteristics
configure:10730: clang -o conftest -I/usr/include/llvm-c-3.2   -Wl,-rpath -Wl,/foo conftest.c  >&5
configure:10730: $? = 0
configure:10964: result: GNU/Linux ld.so
configure:11071: checking how to hardcode library paths into programs
configure:11096: result: immediate
configure:11636: checking whether stripping libraries is possible
configure:11641: result: yes
configure:11676: checking if libtool supports shared libraries
configure:11678: result: yes
configure:11681: checking whether to build shared libraries
configure:11702: result: yes
configure:11705: checking whether to build static libraries
configure:11709: result: no
configure:11862: checking for C compiler version
configure:11871: clang --version >&5
Debian clang version 3.2-7ubuntu1 (tags/RELEASE_32/final) (based on LLVM 3.2)
Target: x86_64-pc-linux-gnu
Thread model: posix
configure:11882: $? = 0
configure:11871: clang -v >&5
Debian clang version 3.2-7ubuntu1 (tags/RELEASE_32/final) (based on LLVM 3.2)
Target: x86_64-pc-linux-gnu
Thread model: posix
configure:11882: $? = 0
configure:11871: clang -V >&5
clang: error: argument to '-V' is missing (expected 1 value)
clang: error: no input files
configure:11882: $? = 1
configure:11871: clang -qversion >&5
clang: error: no input files
configure:11882: $? = 1
configure:11886: checking whether we are using the GNU C compiler
configure:11914: result: yes
configure:11923: checking whether clang accepts -g
configure:11984: result: yes
configure:12001: checking for clang option to accept ISO C89
configure:12077: result: none needed
configure:12099: checking dependency style of clang
configure:12210: result: gcc3
configure:12337: checking for C++ compiler version
configure:12346: clang++ --version >&5
Debian clang version 3.2-7ubuntu1 (tags/RELEASE_32/final) (based on LLVM 3.2)
Target: x86_64-pc-linux-gnu
Thread model: posix
configure:12357: $? = 0
configure:12346: clang++ -v >&5
Debian clang version 3.2-7ubuntu1 (tags/RELEASE_32/final) (based on LLVM 3.2)
Target: x86_64-pc-linux-gnu
Thread model: posix
configure:12357: $? = 0
configure:12346: clang++ -V >&5
clang: error: argument to '-V' is missing (expected 1 value)
clang: error: no input files
configure:12357: $? = 1
configure:12346: clang++ -qversion >&5
clang: error: no input files
configure:12357: $? = 1
configure:12361: checking whether we are using the GNU C++ compiler
configure:12380: clang++ -c -I/usr/include/llvm-c-3.2  conftest.cpp >&5
configure:12380: $? = 0
configure:12389: result: yes
configure:12398: checking whether clang++ accepts -g
configure:12418: clang++ -c -g  conftest.cpp >&5
configure:12418: $? = 0
configure:12459: result: yes
configure:12484: checking dependency style of clang++
configure:12595: result: gcc3
configure:12628: checking how to run the C++ preprocessor
configure:12655: clang++ -E  conftest.cpp
configure:12655: $? = 0
configure:12669: clang++ -E  conftest.cpp
conftest.cpp:21:10: fatal error: 'ac_nonexistent.h' file not found
#include <ac_nonexistent.h>
         ^
1 error generated.
configure:12669: $? = 1
configure: failed program was:
| /* confdefs.h */
| #define PACKAGE_NAME "cctools"
| #define PACKAGE_TARNAME "cctools"
| #define PACKAGE_VERSION "839"
| #define PACKAGE_STRING "cctools 839"
| #define PACKAGE_BUGREPORT "cjacker@gmail.com"
| #define PACKAGE_URL ""
| #define STDC_HEADERS 1
| #define HAVE_SYS_TYPES_H 1
| #define HAVE_SYS_STAT_H 1
| #define HAVE_STDLIB_H 1
| #define HAVE_STRING_H 1
| #define HAVE_MEMORY_H 1
| #define HAVE_STRINGS_H 1
| #define HAVE_INTTYPES_H 1
| #define HAVE_STDINT_H 1
| #define HAVE_UNISTD_H 1
| #define HAVE_DLFCN_H 1
| #define LT_OBJDIR ".libs/"
| /* end confdefs.h.  */
| #include <ac_nonexistent.h>
configure:12694: result: clang++ -E
configure:12714: clang++ -E  conftest.cpp
configure:12714: $? = 0
configure:12728: clang++ -E  conftest.cpp
conftest.cpp:21:10: fatal error: 'ac_nonexistent.h' file not found
#include <ac_nonexistent.h>
         ^
1 error generated.
configure:12728: $? = 1
configure: failed program was:
| /* confdefs.h */
| #define PACKAGE_NAME "cctools"
| #define PACKAGE_TARNAME "cctools"
| #define PACKAGE_VERSION "839"
| #define PACKAGE_STRING "cctools 839"
| #define PACKAGE_BUGREPORT "cjacker@gmail.com"
| #define PACKAGE_URL ""
| #define STDC_HEADERS 1
| #define HAVE_SYS_TYPES_H 1
| #define HAVE_SYS_STAT_H 1
| #define HAVE_STDLIB_H 1
| #define HAVE_STRING_H 1
| #define HAVE_MEMORY_H 1
| #define HAVE_STRINGS_H 1
| #define HAVE_INTTYPES_H 1
| #define HAVE_STDINT_H 1
| #define HAVE_UNISTD_H 1
| #define HAVE_DLFCN_H 1
| #define LT_OBJDIR ".libs/"
| /* end confdefs.h.  */
| #include <ac_nonexistent.h>
configure:12897: checking for ld used by clang++
configure:12964: result: /usr/bin/ld -m elf_x86_64
configure:12971: checking if the linker (/usr/bin/ld -m elf_x86_64) is GNU ld
configure:12986: result: yes
configure:13041: checking whether the clang++ linker (/usr/bin/ld -m elf_x86_64) supports shared libraries
configure:14043: result: yes
configure:14079: clang++ -c -I/usr/include/llvm-c-3.2  conftest.cpp >&5
configure:14082: $? = 0
configure:14602: checking for clang++ option to produce PIC
configure:14609: result: -fPIC -DPIC
configure:14617: checking if clang++ PIC flag -fPIC -DPIC works
configure:14635: clang++ -c -I/usr/include/llvm-c-3.2  -fPIC -DPIC -DPIC conftest.cpp >&5
configure:14639: $? = 0
configure:14652: result: yes
configure:14675: checking if clang++ static flag -static works
configure:14703: result: yes
configure:14715: checking if clang++ supports -c -o file.o
configure:14736: clang++ -c -I/usr/include/llvm-c-3.2  -o out/conftest2.o conftest.cpp >&5
configure:14740: $? = 0
configure:14762: result: yes
configure:14767: checking if clang++ supports -c -o file.o
configure:14814: result: yes
configure:14844: checking whether the clang++ linker (/usr/bin/ld -m elf_x86_64) supports shared libraries
configure:14883: result: yes
configure:15024: checking dynamic linker characteristics
configure:15692: result: GNU/Linux ld.so
configure:15745: checking how to hardcode library paths into programs
configure:15770: result: immediate
configure:15811: checking whether clang and cc understand -c and -o together
configure:15842: clang -c conftest.c -o conftest2.o >&5
configure:15846: $? = 0
configure:15852: clang -c conftest.c -o conftest2.o >&5
configure:15856: $? = 0
configure:15867: cc -c conftest.c >&5
configure:15871: $? = 0
configure:15879: cc -c conftest.c -o conftest2.o >&5
configure:15883: $? = 0
configure:15889: cc -c conftest.c -o conftest2.o >&5
configure:15893: $? = 0
configure:15911: result: yes
configure:15990: checking for clang
configure:16006: found /usr/bin/clang
configure:16017: result: clang
configure:16042: checking for Objective C compiler version
configure:16051: clang --version >&5
Debian clang version 3.2-7ubuntu1 (tags/RELEASE_32/final) (based on LLVM 3.2)
Target: x86_64-pc-linux-gnu
Thread model: posix
configure:16062: $? = 0
configure:16051: clang -v >&5
Debian clang version 3.2-7ubuntu1 (tags/RELEASE_32/final) (based on LLVM 3.2)
Target: x86_64-pc-linux-gnu
Thread model: posix
configure:16062: $? = 0
configure:16051: clang -V >&5
clang: error: argument to '-V' is missing (expected 1 value)
clang: error: no input files
configure:16062: $? = 1
configure:16051: clang -qversion >&5
clang: error: no input files
configure:16062: $? = 1
configure:16066: checking whether we are using the GNU Objective C compiler
configure:16085: clang -c   conftest.m >&5
configure:16085: $? = 0
configure:16094: result: yes
configure:16103: checking whether clang accepts -g
configure:16123: clang -c -g  conftest.m >&5
configure:16123: $? = 0
configure:16164: result: yes
configure:16189: checking dependency style of clang
configure:16298: result: gcc3
configure:16322: checking dependency style of clang
configure:16431: result: gcc3
configure:16490: checking for ranlib
configure:16506: found /usr/bin/ranlib
configure:16517: result: ranlib
configure:16582: checking for ar
configure:16598: found /usr/bin/ar
configure:16609: result: ar
configure:16646: checking llvm-c/lto.h usability
configure:16646: clang -c -I/usr/include/llvm-c-3.2  conftest.c >&5
configure:16646: $? = 0
configure:16646: result: yes
configure:16646: checking llvm-c/lto.h presence
configure:16646: clang -E  conftest.c
conftest.c:21:10: fatal error: 'llvm-c/lto.h' file not found
#include <llvm-c/lto.h>
         ^
1 error generated.
configure:16646: $? = 1
configure: failed program was:
| /* confdefs.h */
| #define PACKAGE_NAME "cctools"
| #define PACKAGE_TARNAME "cctools"
| #define PACKAGE_VERSION "839"
| #define PACKAGE_STRING "cctools 839"
| #define PACKAGE_BUGREPORT "cjacker@gmail.com"
| #define PACKAGE_URL ""
| #define STDC_HEADERS 1
| #define HAVE_SYS_TYPES_H 1
| #define HAVE_SYS_STAT_H 1
| #define HAVE_STDLIB_H 1
| #define HAVE_STRING_H 1
| #define HAVE_MEMORY_H 1
| #define HAVE_STRINGS_H 1
| #define HAVE_INTTYPES_H 1
| #define HAVE_STDINT_H 1
| #define HAVE_UNISTD_H 1
| #define HAVE_DLFCN_H 1
| #define LT_OBJDIR ".libs/"
| /* end confdefs.h.  */
| #include <llvm-c/lto.h>
configure:16646: result: no
configure:16646: WARNING: llvm-c/lto.h: accepted by the compiler, rejected by the preprocessor!
configure:16646: WARNING: llvm-c/lto.h: proceeding with the compiler's result
configure:16646: checking for llvm-c/lto.h
configure:16646: result: yes
configure:16660: checking openssl/md5.h usability
configure:16660: clang -c -I/usr/include/llvm-c-3.2  conftest.c >&5
configure:16660: $? = 0
configure:16660: result: yes
configure:16660: checking openssl/md5.h presence
configure:16660: clang -E  conftest.c
configure:16660: $? = 0
configure:16660: result: yes
configure:16660: checking for openssl/md5.h
configure:16660: result: yes
configure:16674: checking uuid/uuid.h usability
configure:16674: clang -c -I/usr/include/llvm-c-3.2  conftest.c >&5
configure:16674: $? = 0
configure:16674: result: yes
configure:16674: checking uuid/uuid.h presence
configure:16674: clang -E  conftest.c
configure:16674: $? = 0
configure:16674: result: yes
configure:16674: checking for uuid/uuid.h
configure:16674: result: yes
configure:16760: checking if -Wall is supported
configure:16766: clang -c -I/usr/include/llvm-c-3.2 -Wall  conftest.c >&5
configure:16766: $? = 0
configure:16768: result: yes
configure:16780: checking if -Wno-long-long is supported
configure:16786: clang -c -I/usr/include/llvm-c-3.2 -Wno-long-long  conftest.c >&5
configure:16786: $? = 0
configure:16788: result: yes
configure:16800: checking if -Wno-import is supported
configure:16806: clang -c -I/usr/include/llvm-c-3.2 -Wno-import  conftest.c >&5
configure:16806: $? = 0
configure:16808: result: yes
configure:16820: checking if -Wno-format is supported
configure:16826: clang -c -I/usr/include/llvm-c-3.2 -Wno-format  conftest.c >&5
configure:16826: $? = 0
configure:16828: result: yes
configure:16840: checking if -Wno-deprecated is supported
configure:16846: clang -c -I/usr/include/llvm-c-3.2 -Wno-deprecated  conftest.c >&5
configure:16846: $? = 0
configure:16848: result: yes
configure:16860: checking if -Wno-unused-variable is supported
configure:16866: clang -c -I/usr/include/llvm-c-3.2 -Wno-unused-variable  conftest.c >&5
configure:16866: $? = 0
configure:16868: result: yes
configure:16880: checking if -Wno-invalid-offsetof is supported
configure:16886: clang -c -I/usr/include/llvm-c-3.2 -Wno-invalid-offsetof  conftest.c >&5
configure:16886: $? = 0
configure:16888: result: yes
configure:16902: checking for dlopen in -ldl
configure:16927: clang -o conftest -I/usr/include/llvm-c-3.2   conftest.c -ldl   >&5
configure:16927: $? = 0
configure:16936: result: yes
configure:16946: checking for pthread_create in -lpthread
configure:16971: clang -o conftest -I/usr/include/llvm-c-3.2   conftest.c -lpthread   >&5
configure:16971: $? = 0
configure:16980: result: yes
configure:16990: checking for uuid_generate_random in -luuid
configure:17015: clang -o conftest -I/usr/include/llvm-c-3.2   conftest.c -luuid   >&5
configure:17015: $? = 0
configure:17024: result: yes
configure:17034: checking for MD5_Init in -lcrypto
configure:17059: clang -o conftest -I/usr/include/llvm-c-3.2   conftest.c -lcrypto   >&5
configure:17059: $? = 0
configure:17068: result: yes
configure:17078: checking whether byte ordering is bigendian
configure:17093: clang -c -I/usr/include/llvm-c-3.2  conftest.c >&5
conftest.c:29:9: error: unknown type name 'not'
               not a universal capable compiler
               ^
conftest.c:29:14: error: expected ';' after top level declarator
               not a universal capable compiler
                    ^
                    ;
2 errors generated.
configure:17093: $? = 1
configure: failed program was:
| /* confdefs.h */
| #define PACKAGE_NAME "cctools"
| #define PACKAGE_TARNAME "cctools"
| #define PACKAGE_VERSION "839"
| #define PACKAGE_STRING "cctools 839"
| #define PACKAGE_BUGREPORT "cjacker@gmail.com"
| #define PACKAGE_URL ""
| #define STDC_HEADERS 1
| #define HAVE_SYS_TYPES_H 1
| #define HAVE_SYS_STAT_H 1
| #define HAVE_STDLIB_H 1
| #define HAVE_STRING_H 1
| #define HAVE_MEMORY_H 1
| #define HAVE_STRINGS_H 1
| #define HAVE_INTTYPES_H 1
| #define HAVE_STDINT_H 1
| #define HAVE_UNISTD_H 1
| #define HAVE_DLFCN_H 1
| #define LT_OBJDIR ".libs/"
| #define HAVE_LLVM_C_LTO_H 1
| #define HAVE_OPENSSL_MD5_H 1
| #define HAVE_UUID_UUID_H 1
| #define EMULATED_HOST_CPU_TYPE 12
| #define EMULATED_HOST_CPU_SUBTYPE 0
| #define __STDC_LIMIT_MACROS 1
| #define __STDC_CONSTANT_MACROS 1
| /* end confdefs.h.  */
| #ifndef __APPLE_CC__
| 	       not a universal capable compiler
| 	     #endif
| 	     typedef int dummy;
| 
configure:17138: clang -c -I/usr/include/llvm-c-3.2  conftest.c >&5
configure:17138: $? = 0
configure:17156: clang -c -I/usr/include/llvm-c-3.2  conftest.c >&5
conftest.c:35:4: error: use of undeclared identifier 'not'
                 not big endian
                 ^
1 error generated.
configure:17156: $? = 1
configure: failed program was:
| /* confdefs.h */
| #define PACKAGE_NAME "cctools"
| #define PACKAGE_TARNAME "cctools"
| #define PACKAGE_VERSION "839"
| #define PACKAGE_STRING "cctools 839"
| #define PACKAGE_BUGREPORT "cjacker@gmail.com"
| #define PACKAGE_URL ""
| #define STDC_HEADERS 1
| #define HAVE_SYS_TYPES_H 1
| #define HAVE_SYS_STAT_H 1
| #define HAVE_STDLIB_H 1
| #define HAVE_STRING_H 1
| #define HAVE_MEMORY_H 1
| #define HAVE_STRINGS_H 1
| #define HAVE_INTTYPES_H 1
| #define HAVE_STDINT_H 1
| #define HAVE_UNISTD_H 1
| #define HAVE_DLFCN_H 1
| #define LT_OBJDIR ".libs/"
| #define HAVE_LLVM_C_LTO_H 1
| #define HAVE_OPENSSL_MD5_H 1
| #define HAVE_UUID_UUID_H 1
| #define EMULATED_HOST_CPU_TYPE 12
| #define EMULATED_HOST_CPU_SUBTYPE 0
| #define __STDC_LIMIT_MACROS 1
| #define __STDC_CONSTANT_MACROS 1
| /* end confdefs.h.  */
| #include <sys/types.h>
| 		#include <sys/param.h>
| 
| int
| main ()
| {
| #if BYTE_ORDER != BIG_ENDIAN
| 		 not big endian
| 		#endif
| 
|   ;
|   return 0;
| }
configure:17284: result: no
configure:17307: checking for llvm-config
configure:17335: result: false
configure:17347: checking for llvm-config-3.2
configure:17363: found /usr/bin/llvm-config-3.2
configure:17375: result: true
configure:17421: "Your system is 64bit, disable ld_classic"
configure:17618: checking that generated files are newer than configure
configure:17624: result: done
configure:17668: creating ./config.status

## ---------------------- ##
## Running config.status. ##
## ---------------------- ##

This file was extended by cctools config.status 839, which was
generated by GNU Autoconf 2.69.  Invocation command line was

  CONFIG_FILES    = 
  CONFIG_HEADERS  = 
  CONFIG_LINKS    = 
  CONFIG_COMMANDS = 
  $ ./config.status 

on wnk-main

config.status:1119: creating Makefile
config.status:1119: creating libstuff/Makefile
config.status:1119: creating ar/Makefile
config.status:1119: creating as/Makefile
config.status:1119: creating as/arm/Makefile
config.status:1119: creating as/i386/Makefile
config.status:1119: creating as/x86_64/Makefile
config.status:1119: creating as/ppc/Makefile
config.status:1119: creating as/ppc64/Makefile
config.status:1119: creating misc/Makefile
config.status:1119: creating otool/Makefile
config.status:1119: creating libobjc2/Makefile
config.status:1119: creating ld/Makefile
config.status:1119: creating ld64/Makefile
config.status:1119: creating ld64/src/Makefile
config.status:1119: creating ld64/src/3rd/Makefile
config.status:1119: creating ld64/src/3rd/BlocksRuntime/Makefile
config.status:1119: creating ld64/src/ld/Makefile
config.status:1119: creating ld64/src/ld/parsers/Makefile
config.status:1119: creating ld64/src/ld/passes/Makefile
config.status:1119: creating ld64/src/other/Makefile
config.status:1291: executing depfiles commands
config.status:1291: executing libtool commands

## ---------------- ##
## Cache variables. ##
## ---------------- ##

ac_cv_build=x86_64-unknown-linux-gnu
ac_cv_c_bigendian=no
ac_cv_c_compiler_gnu=yes
ac_cv_cxx_compiler_gnu=yes
ac_cv_env_CCASFLAGS_set=
ac_cv_env_CCASFLAGS_value=
ac_cv_env_CCAS_set=
ac_cv_env_CCAS_value=
ac_cv_env_CCC_set=
ac_cv_env_CCC_value=
ac_cv_env_CC_set=
ac_cv_env_CC_value=
ac_cv_env_CFLAGS_set=set
ac_cv_env_CFLAGS_value=-I/usr/include/llvm-c-3.2
ac_cv_env_CPPFLAGS_set=
ac_cv_env_CPPFLAGS_value=
ac_cv_env_CPP_set=
ac_cv_env_CPP_value=
ac_cv_env_CXXCPP_set=
ac_cv_env_CXXCPP_value=
ac_cv_env_CXXFLAGS_set=set
ac_cv_env_CXXFLAGS_value=-I/usr/include/llvm-c-3.2
ac_cv_env_CXX_set=
ac_cv_env_CXX_value=
ac_cv_env_LDFLAGS_set=
ac_cv_env_LDFLAGS_value=
ac_cv_env_LIBS_set=
ac_cv_env_LIBS_value=
ac_cv_env_OBJCFLAGS_set=
ac_cv_env_OBJCFLAGS_value=
ac_cv_env_OBJC_set=
ac_cv_env_OBJC_value=
ac_cv_env_build_alias_set=
ac_cv_env_build_alias_value=
ac_cv_env_host_alias_set=
ac_cv_env_host_alias_value=
ac_cv_env_target_alias_set=set
ac_cv_env_target_alias_value=arm-apple-darwin11
ac_cv_header_dlfcn_h=yes
ac_cv_header_inttypes_h=yes
ac_cv_header_llvm_c_lto_h=yes
ac_cv_header_memory_h=yes
ac_cv_header_openssl_md5_h=yes
ac_cv_header_stdc=yes
ac_cv_header_stdint_h=yes
ac_cv_header_stdlib_h=yes
ac_cv_header_string_h=yes
ac_cv_header_strings_h=yes
ac_cv_header_sys_stat_h=yes
ac_cv_header_sys_types_h=yes
ac_cv_header_unistd_h=yes
ac_cv_header_uuid_uuid_h=yes
ac_cv_host=x86_64-unknown-linux-gnu
ac_cv_lib_crypto_MD5_Init=yes
ac_cv_lib_dl_dlopen=yes
ac_cv_lib_pthread_pthread_create=yes
ac_cv_lib_uuid_uuid_generate_random=yes
ac_cv_objc_compiler_gnu=yes
ac_cv_objext=o
ac_cv_path_EGREP='/bin/grep -E'
ac_cv_path_FGREP='/bin/grep -F'
ac_cv_path_GREP=/bin/grep
ac_cv_path_SED=/bin/sed
ac_cv_path_install='/usr/bin/install -c'
ac_cv_path_mkdir=/bin/mkdir
ac_cv_prog_AWK=mawk
ac_cv_prog_CPP='clang -E'
ac_cv_prog_CXXCPP='clang++ -E'
ac_cv_prog_HAVE_LLVM_CONFIG=false
ac_cv_prog_HAVE_LLVM_CONFIG_32=true
ac_cv_prog_ac_ct_AR=ar
ac_cv_prog_ac_ct_CC=clang
ac_cv_prog_ac_ct_HOST_AR=ar
ac_cv_prog_ac_ct_HOST_RANLIB=ranlib
ac_cv_prog_ac_ct_MANIFEST_TOOL=mt
ac_cv_prog_ac_ct_OBJC=clang
ac_cv_prog_ac_ct_OBJDUMP=objdump
ac_cv_prog_ac_ct_RANLIB=ranlib
ac_cv_prog_ac_ct_STRIP=strip
ac_cv_prog_cc_c89=
ac_cv_prog_cc_clang_c_o=yes
ac_cv_prog_cc_g=yes
ac_cv_prog_cxx_g=yes
ac_cv_prog_make_make_set=yes
ac_cv_prog_objc_g=yes
ac_cv_target=arm-apple-darwin11
am_cv_CCAS_dependencies_compiler_type=gcc3
am_cv_CC_dependencies_compiler_type=gcc3
am_cv_CXX_dependencies_compiler_type=gcc3
am_cv_OBJC_dependencies_compiler_type=gcc3
am_cv_make_support_nested_variables=yes
am_cv_prog_tar_ustar=gnutar
lt_cv_ar_at_file=@
lt_cv_archive_cmds_need_lc=no
lt_cv_deplibs_check_method=pass_all
lt_cv_file_magic_cmd='$MAGIC_CMD'
lt_cv_file_magic_test_file=
lt_cv_ld_reload_flag=-r
lt_cv_nm_interface='BSD nm'
lt_cv_objdir=.libs
lt_cv_path_LD=/usr/bin/ld
lt_cv_path_LDCXX='/usr/bin/ld -m elf_x86_64'
lt_cv_path_NM='/usr/bin/nm -B'
lt_cv_path_mainfest_tool=no
lt_cv_prog_compiler_c_o=yes
lt_cv_prog_compiler_c_o_CXX=yes
lt_cv_prog_compiler_pic='-fPIC -DPIC'
lt_cv_prog_compiler_pic_CXX='-fPIC -DPIC'
lt_cv_prog_compiler_pic_works=yes
lt_cv_prog_compiler_pic_works_CXX=yes
lt_cv_prog_compiler_rtti_exceptions=yes
lt_cv_prog_compiler_static_works=yes
lt_cv_prog_compiler_static_works_CXX=yes
lt_cv_prog_gnu_ld=yes
lt_cv_prog_gnu_ldcxx=yes
lt_cv_sharedlib_from_linklib_cmd='printf %s\n'
lt_cv_shlibpath_overrides_runpath=no
lt_cv_sys_global_symbol_pipe='sed -n -e '\''s/^.*[	 ]\([ABCDGIRSTW][ABCDGIRSTW]*\)[	 ][	 ]*\([_A-Za-z][_A-Za-z0-9]*\)$/\1 \2 \2/p'\'' | sed '\''/ __gnu_lto/d'\'''
lt_cv_sys_global_symbol_to_c_name_address='sed -n -e '\''s/^: \([^ ]*\)[ ]*$/  {\"\1\", (void *) 0},/p'\'' -e '\''s/^[ABCDGIRSTW]* \([^ ]*\) \([^ ]*\)$/  {"\2", (void *) \&\2},/p'\'''
lt_cv_sys_global_symbol_to_c_name_address_lib_prefix='sed -n -e '\''s/^: \([^ ]*\)[ ]*$/  {\"\1\", (void *) 0},/p'\'' -e '\''s/^[ABCDGIRSTW]* \([^ ]*\) \(lib[^ ]*\)$/  {"\2", (void *) \&\2},/p'\'' -e '\''s/^[ABCDGIRSTW]* \([^ ]*\) \([^ ]*\)$/  {"lib\2", (void *) \&\2},/p'\'''
lt_cv_sys_global_symbol_to_cdecl='sed -n -e '\''s/^T .* \(.*\)$/extern int \1();/p'\'' -e '\''s/^[ABCDGIRSTW]* .* \(.*\)$/extern char \1;/p'\'''
lt_cv_sys_max_cmd_len=3458764513820540925
lt_cv_to_host_file_cmd=func_convert_file_noop
lt_cv_to_tool_file_cmd=func_convert_file_noop

## ----------------- ##
## Output variables. ##
## ----------------- ##

ACLOCAL='${SHELL} /var/dev/projs/ios-toolchain/original/cctools-839-ld64-134.9/missing aclocal-1.13'
AMDEPBACKSLASH='\'
AMDEP_FALSE='#'
AMDEP_TRUE=''
AMTAR='$${TAR-tar}'
AM_BACKSLASH='\'
AM_DEFAULT_V='$(AM_DEFAULT_VERBOSITY)'
AM_DEFAULT_VERBOSITY='1'
AM_V='$(V)'
AR='ar'
ASLIBEXECDIR='${libexecdir}/as'
AUTOCONF='${SHELL} /var/dev/projs/ios-toolchain/original/cctools-839-ld64-134.9/missing autoconf'
AUTOHEADER='${SHELL} /var/dev/projs/ios-toolchain/original/cctools-839-ld64-134.9/missing autoheader'
AUTOMAKE='${SHELL} /var/dev/projs/ios-toolchain/original/cctools-839-ld64-134.9/missing automake-1.13'
AWK='mawk'
CC='clang'
CCAS='clang'
CCASDEPMODE='depmode=gcc3'
CCASFLAGS='-I/usr/include/llvm-c-3.2'
CCDEPMODE='depmode=gcc3'
CFLAGS='-I/usr/include/llvm-c-3.2'
CPP='clang -E'
CPPFLAGS=''
CRYPT_LIBS='-lcrypto'
CXX='clang++'
CXXCPP='clang++ -E'
CXXDEPMODE='depmode=gcc3'
CXXFLAGS='-I/usr/include/llvm-c-3.2'
CYGPATH_W='echo'
DEFS='-DPACKAGE_NAME=\"cctools\" -DPACKAGE_TARNAME=\"cctools\" -DPACKAGE_VERSION=\"839\" -DPACKAGE_STRING=\"cctools\ 839\" -DPACKAGE_BUGREPORT=\"cjacker@gmail.com\" -DPACKAGE_URL=\"\" -DSTDC_HEADERS=1 -DHAVE_SYS_TYPES_H=1 -DHAVE_SYS_STAT_H=1 -DHAVE_STDLIB_H=1 -DHAVE_STRING_H=1 -DHAVE_MEMORY_H=1 -DHAVE_STRINGS_H=1 -DHAVE_INTTYPES_H=1 -DHAVE_STDINT_H=1 -DHAVE_UNISTD_H=1 -DHAVE_DLFCN_H=1 -DLT_OBJDIR=\".libs/\" -DHAVE_LLVM_C_LTO_H=1 -DHAVE_OPENSSL_MD5_H=1 -DHAVE_UUID_UUID_H=1 -DEMULATED_HOST_CPU_TYPE=12 -DEMULATED_HOST_CPU_SUBTYPE=0 -D__STDC_LIMIT_MACROS=1 -D__STDC_CONSTANT_MACROS=1'
DEPDIR='.deps'
DLLTOOL='false'
DL_LIBS='-ldl'
DSYMUTIL=''
DUMPBIN=''
ECHO_C=''
ECHO_N='-n'
ECHO_T=''
EGREP='/bin/grep -E'
ENDIAN_FLAG='-D__LITTLE_ENDIAN__=1'
EXEEXT=''
FGREP='/bin/grep -F'
GREP='/bin/grep'
HAVE_LLVM_CONFIG='false'
HAVE_LLVM_CONFIG_32='true'
HOST_AR='ar'
HOST_RANLIB='ranlib'
INSTALL_DATA='${INSTALL} -m 644'
INSTALL_PROGRAM='${INSTALL}'
INSTALL_SCRIPT='${INSTALL}'
INSTALL_STRIP_PROGRAM='$(install_sh) -c -s'
LD='/usr/bin/ld -m elf_x86_64'
LDFLAGS=''
LD_CLASSIC=''
LIBOBJS=''
LIBS=''
LIBTOOL='$(SHELL) $(top_builddir)/libtool'
LIPO=''
LN_S='ln -s'
LTLIBOBJS=''
LTO_DEFS='-DLTO_SUPPORT=1'
LTO_LIBS='-L/usr/lib/llvm-3.2/lib -lLTO'
MAINT='#'
MAINTAINER_MODE_FALSE=''
MAINTAINER_MODE_TRUE='#'
MAKEINFO='${SHELL} /var/dev/projs/ios-toolchain/original/cctools-839-ld64-134.9/missing makeinfo'
MANIFEST_TOOL=':'
MKDIR_P='/bin/mkdir -p'
NM='/usr/bin/nm -B'
NMEDIT=''
OBJC='clang'
OBJCDEPMODE='depmode=gcc3'
OBJCFLAGS='-g -O2'
OBJDUMP='objdump'
OBJEXT='o'
OTOOL64=''
OTOOL=''
PACKAGE='cctools'
PACKAGE_BUGREPORT='cjacker@gmail.com'
PACKAGE_NAME='cctools'
PACKAGE_STRING='cctools 839'
PACKAGE_TARNAME='cctools'
PACKAGE_URL=''
PACKAGE_VERSION='839'
PATH_SEPARATOR=':'
PROGRAM_PREFIX='${target_alias}-'
PTHREAD_FLAGS='-pthread'
RANLIB='ranlib'
SED='/bin/sed'
SET_MAKE=''
SHELL='/bin/bash'
STRIP='strip'
UUID_LIBS='-luuid'
VERSION='839'
WARNINGS=' -Wall -Wno-long-long -Wno-import -Wno-format -Wno-deprecated -Wno-unused-variable -Wno-invalid-offsetof'
ac_ct_AR='ar'
ac_ct_CC='clang'
ac_ct_CXX=''
ac_ct_DUMPBIN=''
ac_ct_OBJC='clang'
am__EXEEXT_FALSE=''
am__EXEEXT_TRUE='#'
am__fastdepCCAS_FALSE='#'
am__fastdepCCAS_TRUE=''
am__fastdepCC_FALSE='#'
am__fastdepCC_TRUE=''
am__fastdepCXX_FALSE='#'
am__fastdepCXX_TRUE=''
am__fastdepOBJC_FALSE='#'
am__fastdepOBJC_TRUE=''
am__include='include'
am__isrc=''
am__leading_dot='.'
am__nodep='_no'
am__quote=''
am__tar='tar --format=ustar -chf - "$$tardir"'
am__untar='tar -xf -'
bindir='${exec_prefix}/bin'
build='x86_64-unknown-linux-gnu'
build_alias=''
build_cpu='x86_64'
build_os='linux-gnu'
build_vendor='unknown'
datadir='${datarootdir}'
datarootdir='${prefix}/share'
docdir='${datarootdir}/doc/${PACKAGE_TARNAME}'
dvidir='${docdir}'
exec_prefix='${prefix}'
host='x86_64-unknown-linux-gnu'
host_alias=''
host_cpu='x86_64'
host_os='linux-gnu'
host_vendor='unknown'
htmldir='${docdir}'
includedir='${prefix}/include'
infodir='${datarootdir}/info'
install_sh='${SHELL} /var/dev/projs/ios-toolchain/original/cctools-839-ld64-134.9/install-sh'
libdir='${exec_prefix}/lib'
libexecdir='${exec_prefix}/libexec'
localedir='${datarootdir}/locale'
localstatedir='${prefix}/var'
mandir='${datarootdir}/man'
mkdir_p='$(MKDIR_P)'
oldincludedir='/usr/include'
pdfdir='${docdir}'
prefix='/usr'
program_transform_name='s&^&arm-apple-darwin11-&'
psdir='${docdir}'
sbindir='${exec_prefix}/sbin'
sharedstatedir='${prefix}/com'
sysconfdir='${prefix}/etc'
target='arm-apple-darwin11'
target_alias='arm-apple-darwin11'
target_cpu='arm'
target_os='darwin11'
target_vendor='apple'

## ----------- ##
## confdefs.h. ##
## ----------- ##

/* confdefs.h */
#define PACKAGE_NAME "cctools"
#define PACKAGE_TARNAME "cctools"
#define PACKAGE_VERSION "839"
#define PACKAGE_STRING "cctools 839"
#define PACKAGE_BUGREPORT "cjacker@gmail.com"
#define PACKAGE_URL ""
#define STDC_HEADERS 1
#define HAVE_SYS_TYPES_H 1
#define HAVE_SYS_STAT_H 1
#define HAVE_STDLIB_H 1
#define HAVE_STRING_H 1
#define HAVE_MEMORY_H 1
#define HAVE_STRINGS_H 1
#define HAVE_INTTYPES_H 1
#define HAVE_STDINT_H 1
#define HAVE_UNISTD_H 1
#define HAVE_DLFCN_H 1
#define LT_OBJDIR ".libs/"
#define HAVE_LLVM_C_LTO_H 1
#define HAVE_OPENSSL_MD5_H 1
#define HAVE_UUID_UUID_H 1
#define EMULATED_HOST_CPU_TYPE 12
#define EMULATED_HOST_CPU_SUBTYPE 0
#define __STDC_LIMIT_MACROS 1
#define __STDC_CONSTANT_MACROS 1

configure: exit 0
